{"/Users/marcoscruz/Documents/Projetos/Sinal Ruido/signal-detector/frontend/src/services/EfficiencyCalculator.js": {"path":"/Users/marcoscruz/Documents/Projetos/Sinal Ruido/signal-detector/frontend/src/services/EfficiencyCalculator.js","statementMap":{"0":{"start":{"line":17,"column":51},"end":{"line":17,"column":59}},"1":{"start":{"line":20,"column":4},"end":{"line":23,"column":5}},"2":{"start":{"line":21,"column":6},"end":{"line":21,"column":78}},"3":{"start":{"line":22,"column":6},"end":{"line":22,"column":15}},"4":{"start":{"line":25,"column":26},"end":{"line":25,"column":59}},"5":{"start":{"line":28,"column":4},"end":{"line":30,"column":5}},"6":{"start":{"line":29,"column":6},"end":{"line":29,"column":15}},"7":{"start":{"line":32,"column":18},"end":{"line":32,"column":36}},"8":{"start":{"line":33,"column":23},"end":{"line":33,"column":43}},"9":{"start":{"line":35,"column":4},"end":{"line":35,"column":46}},"10":{"start":{"line":44,"column":4},"end":{"line":72,"column":5}},"11":{"start":{"line":45,"column":6},"end":{"line":50,"column":8}},"12":{"start":{"line":51,"column":11},"end":{"line":72,"column":5}},"13":{"start":{"line":52,"column":6},"end":{"line":57,"column":8}},"14":{"start":{"line":58,"column":11},"end":{"line":72,"column":5}},"15":{"start":{"line":59,"column":6},"end":{"line":64,"column":8}},"16":{"start":{"line":66,"column":6},"end":{"line":71,"column":8}},"17":{"start":{"line":83,"column":30},"end":{"line":83,"column":71}},"18":{"start":{"line":86,"column":29},"end":{"line":93,"column":32}},"19":{"start":{"line":87,"column":24},"end":{"line":90,"column":7}},"20":{"start":{"line":91,"column":26},"end":{"line":91,"column":71}},"21":{"start":{"line":92,"column":22},"end":{"line":92,"column":49}},"22":{"start":{"line":95,"column":4},"end":{"line":102,"column":5}},"23":{"start":{"line":96,"column":6},"end":{"line":101,"column":8}},"24":{"start":{"line":105,"column":28},"end":{"line":105,"column":47}},"25":{"start":{"line":106,"column":33},"end":{"line":106,"column":100}},"26":{"start":{"line":109,"column":29},"end":{"line":111,"column":5}},"27":{"start":{"line":114,"column":28},"end":{"line":114,"column":73}},"28":{"start":{"line":115,"column":25},"end":{"line":115,"column":51}},"29":{"start":{"line":116,"column":28},"end":{"line":116,"column":71}},"30":{"start":{"line":118,"column":4},"end":{"line":138,"column":6}},"31":{"start":{"line":121,"column":54},"end":{"line":128,"column":7}},"32":{"start":{"line":146,"column":20},"end":{"line":146,"column":22}},"33":{"start":{"line":148,"column":27},"end":{"line":148,"column":85}},"34":{"start":{"line":149,"column":4},"end":{"line":151,"column":5}},"35":{"start":{"line":150,"column":6},"end":{"line":150,"column":68}},"36":{"start":{"line":153,"column":4},"end":{"line":155,"column":5}},"37":{"start":{"line":154,"column":6},"end":{"line":154,"column":48}},"38":{"start":{"line":157,"column":4},"end":{"line":159,"column":5}},"39":{"start":{"line":158,"column":6},"end":{"line":158,"column":47}},"40":{"start":{"line":161,"column":24},"end":{"line":161,"column":83}},"41":{"start":{"line":162,"column":25},"end":{"line":162,"column":76}},"42":{"start":{"line":163,"column":4},"end":{"line":165,"column":5}},"43":{"start":{"line":164,"column":6},"end":{"line":164,"column":45}},"44":{"start":{"line":167,"column":4},"end":{"line":167,"column":86}},"45":{"start":{"line":176,"column":4},"end":{"line":186,"column":5}},"46":{"start":{"line":177,"column":6},"end":{"line":185,"column":8}},"47":{"start":{"line":188,"column":25},"end":{"line":191,"column":28}},"48":{"start":{"line":189,"column":23},"end":{"line":189,"column":57}},"49":{"start":{"line":190,"column":21},"end":{"line":190,"column":28}},"50":{"start":{"line":191,"column":22},"end":{"line":191,"column":27}},"51":{"start":{"line":193,"column":4},"end":{"line":203,"column":5}},"52":{"start":{"line":194,"column":6},"end":{"line":202,"column":8}},"53":{"start":{"line":205,"column":20},"end":{"line":205,"column":89}},"54":{"start":{"line":205,"column":54},"end":{"line":205,"column":63}},"55":{"start":{"line":206,"column":19},"end":{"line":206,"column":68}},"56":{"start":{"line":207,"column":20},"end":{"line":207,"column":57}},"57":{"start":{"line":208,"column":19},"end":{"line":208,"column":34}},"58":{"start":{"line":210,"column":4},"end":{"line":224,"column":6}},"59":{"start":{"line":216,"column":54},"end":{"line":216,"column":63}},"60":{"start":{"line":217,"column":53},"end":{"line":217,"column":60}},"61":{"start":{"line":219,"column":46},"end":{"line":219,"column":55}},"62":{"start":{"line":220,"column":41},"end":{"line":220,"column":62}},"63":{"start":{"line":221,"column":45},"end":{"line":221,"column":65}},"64":{"start":{"line":222,"column":40},"end":{"line":222,"column":47}},"65":{"start":{"line":234,"column":4},"end":{"line":246,"column":10}},"66":{"start":{"line":235,"column":24},"end":{"line":239,"column":7}},"67":{"start":{"line":240,"column":26},"end":{"line":240,"column":49}},"68":{"start":{"line":241,"column":22},"end":{"line":241,"column":49}},"69":{"start":{"line":243,"column":33},"end":{"line":246,"column":7}},"70":{"start":{"line":255,"column":23},"end":{"line":255,"column":57}},"71":{"start":{"line":256,"column":27},"end":{"line":256,"column":62}},"72":{"start":{"line":261,"column":28},"end":{"line":261,"column":58}},"73":{"start":{"line":262,"column":17},"end":{"line":262,"column":59}},"74":{"start":{"line":264,"column":4},"end":{"line":264,"column":35}}},"fnMap":{"0":{"name":"(anonymous_0)","decl":{"start":{"line":16,"column":2},"end":{"line":16,"column":3}},"loc":{"start":{"line":16,"column":39},"end":{"line":36,"column":3}},"line":16},"1":{"name":"(anonymous_1)","decl":{"start":{"line":43,"column":2},"end":{"line":43,"column":3}},"loc":{"start":{"line":43,"column":45},"end":{"line":73,"column":3}},"line":43},"2":{"name":"(anonymous_2)","decl":{"start":{"line":82,"column":2},"end":{"line":82,"column":3}},"loc":{"start":{"line":82,"column":92},"end":{"line":139,"column":3}},"line":82},"3":{"name":"(anonymous_3)","decl":{"start":{"line":87,"column":11},"end":{"line":87,"column":12}},"loc":{"start":{"line":87,"column":24},"end":{"line":90,"column":7}},"line":87},"4":{"name":"(anonymous_4)","decl":{"start":{"line":91,"column":14},"end":{"line":91,"column":15}},"loc":{"start":{"line":91,"column":26},"end":{"line":91,"column":71}},"line":91},"5":{"name":"(anonymous_5)","decl":{"start":{"line":92,"column":12},"end":{"line":92,"column":13}},"loc":{"start":{"line":92,"column":22},"end":{"line":92,"column":49}},"line":92},"6":{"name":"(anonymous_6)","decl":{"start":{"line":121,"column":41},"end":{"line":121,"column":42}},"loc":{"start":{"line":121,"column":54},"end":{"line":128,"column":7}},"line":121},"7":{"name":"(anonymous_7)","decl":{"start":{"line":145,"column":2},"end":{"line":145,"column":3}},"loc":{"start":{"line":145,"column":49},"end":{"line":168,"column":3}},"line":145},"8":{"name":"(anonymous_8)","decl":{"start":{"line":175,"column":2},"end":{"line":175,"column":3}},"loc":{"start":{"line":175,"column":36},"end":{"line":225,"column":3}},"line":175},"9":{"name":"(anonymous_9)","decl":{"start":{"line":189,"column":11},"end":{"line":189,"column":12}},"loc":{"start":{"line":189,"column":23},"end":{"line":189,"column":57}},"line":189},"10":{"name":"(anonymous_10)","decl":{"start":{"line":190,"column":14},"end":{"line":190,"column":15}},"loc":{"start":{"line":190,"column":21},"end":{"line":190,"column":28}},"line":190},"11":{"name":"(anonymous_11)","decl":{"start":{"line":191,"column":12},"end":{"line":191,"column":13}},"loc":{"start":{"line":191,"column":22},"end":{"line":191,"column":27}},"line":191},"12":{"name":"(anonymous_12)","decl":{"start":{"line":205,"column":40},"end":{"line":205,"column":41}},"loc":{"start":{"line":205,"column":54},"end":{"line":205,"column":63}},"line":205},"13":{"name":"(anonymous_13)","decl":{"start":{"line":216,"column":47},"end":{"line":216,"column":48}},"loc":{"start":{"line":216,"column":54},"end":{"line":216,"column":63}},"line":216},"14":{"name":"(anonymous_14)","decl":{"start":{"line":217,"column":46},"end":{"line":217,"column":47}},"loc":{"start":{"line":217,"column":53},"end":{"line":217,"column":60}},"line":217},"15":{"name":"(anonymous_15)","decl":{"start":{"line":219,"column":39},"end":{"line":219,"column":40}},"loc":{"start":{"line":219,"column":46},"end":{"line":219,"column":55}},"line":219},"16":{"name":"(anonymous_16)","decl":{"start":{"line":220,"column":34},"end":{"line":220,"column":35}},"loc":{"start":{"line":220,"column":41},"end":{"line":220,"column":62}},"line":220},"17":{"name":"(anonymous_17)","decl":{"start":{"line":221,"column":38},"end":{"line":221,"column":39}},"loc":{"start":{"line":221,"column":45},"end":{"line":221,"column":65}},"line":221},"18":{"name":"(anonymous_18)","decl":{"start":{"line":222,"column":33},"end":{"line":222,"column":34}},"loc":{"start":{"line":222,"column":40},"end":{"line":222,"column":47}},"line":222},"19":{"name":"(anonymous_19)","decl":{"start":{"line":233,"column":2},"end":{"line":233,"column":3}},"loc":{"start":{"line":233,"column":47},"end":{"line":247,"column":3}},"line":233},"20":{"name":"(anonymous_20)","decl":{"start":{"line":235,"column":11},"end":{"line":235,"column":12}},"loc":{"start":{"line":235,"column":24},"end":{"line":239,"column":7}},"line":235},"21":{"name":"(anonymous_21)","decl":{"start":{"line":240,"column":14},"end":{"line":240,"column":15}},"loc":{"start":{"line":240,"column":26},"end":{"line":240,"column":49}},"line":240},"22":{"name":"(anonymous_22)","decl":{"start":{"line":241,"column":12},"end":{"line":241,"column":13}},"loc":{"start":{"line":241,"column":22},"end":{"line":241,"column":49}},"line":241},"23":{"name":"(anonymous_23)","decl":{"start":{"line":243,"column":11},"end":{"line":243,"column":12}},"loc":{"start":{"line":243,"column":33},"end":{"line":246,"column":7}},"line":243},"24":{"name":"(anonymous_24)","decl":{"start":{"line":254,"column":2},"end":{"line":254,"column":3}},"loc":{"start":{"line":254,"column":46},"end":{"line":265,"column":3}},"line":254}},"branchMap":{"0":{"loc":{"start":{"line":20,"column":4},"end":{"line":23,"column":5}},"type":"if","locations":[{"start":{"line":20,"column":4},"end":{"line":23,"column":5}},{"start":{},"end":{}}],"line":20},"1":{"loc":{"start":{"line":20,"column":8},"end":{"line":20,"column":51}},"type":"binary-expr","locations":[{"start":{"line":20,"column":8},"end":{"line":20,"column":15}},{"start":{"line":20,"column":20},"end":{"line":20,"column":37}},{"start":{"line":20,"column":41},"end":{"line":20,"column":50}}],"line":20},"2":{"loc":{"start":{"line":25,"column":26},"end":{"line":25,"column":59}},"type":"binary-expr","locations":[{"start":{"line":25,"column":26},"end":{"line":25,"column":42}},{"start":{"line":25,"column":46},"end":{"line":25,"column":54}},{"start":{"line":25,"column":58},"end":{"line":25,"column":59}}],"line":25},"3":{"loc":{"start":{"line":28,"column":4},"end":{"line":30,"column":5}},"type":"if","locations":[{"start":{"line":28,"column":4},"end":{"line":30,"column":5}},{"start":{},"end":{}}],"line":28},"4":{"loc":{"start":{"line":44,"column":4},"end":{"line":72,"column":5}},"type":"if","locations":[{"start":{"line":44,"column":4},"end":{"line":72,"column":5}},{"start":{"line":51,"column":11},"end":{"line":72,"column":5}}],"line":44},"5":{"loc":{"start":{"line":51,"column":11},"end":{"line":72,"column":5}},"type":"if","locations":[{"start":{"line":51,"column":11},"end":{"line":72,"column":5}},{"start":{"line":58,"column":11},"end":{"line":72,"column":5}}],"line":51},"6":{"loc":{"start":{"line":58,"column":11},"end":{"line":72,"column":5}},"type":"if","locations":[{"start":{"line":58,"column":11},"end":{"line":72,"column":5}},{"start":{"line":65,"column":11},"end":{"line":72,"column":5}}],"line":58},"7":{"loc":{"start":{"line":82,"column":51},"end":{"line":82,"column":69}},"type":"default-arg","locations":[{"start":{"line":82,"column":67},"end":{"line":82,"column":69}}],"line":82},"8":{"loc":{"start":{"line":82,"column":71},"end":{"line":82,"column":90}},"type":"default-arg","locations":[{"start":{"line":82,"column":89},"end":{"line":82,"column":90}}],"line":82},"9":{"loc":{"start":{"line":95,"column":4},"end":{"line":102,"column":5}},"type":"if","locations":[{"start":{"line":95,"column":4},"end":{"line":102,"column":5}},{"start":{},"end":{}}],"line":95},"10":{"loc":{"start":{"line":106,"column":34},"end":{"line":106,"column":94}},"type":"binary-expr","locations":[{"start":{"line":106,"column":34},"end":{"line":106,"column":66}},{"start":{"line":106,"column":70},"end":{"line":106,"column":94}}],"line":106},"11":{"loc":{"start":{"line":110,"column":31},"end":{"line":110,"column":91}},"type":"binary-expr","locations":[{"start":{"line":110,"column":31},"end":{"line":110,"column":63}},{"start":{"line":110,"column":67},"end":{"line":110,"column":91}}],"line":110},"12":{"loc":{"start":{"line":122,"column":15},"end":{"line":122,"column":53}},"type":"binary-expr","locations":[{"start":{"line":122,"column":15},"end":{"line":122,"column":35}},{"start":{"line":122,"column":39},"end":{"line":122,"column":53}}],"line":122},"13":{"loc":{"start":{"line":125,"column":18},"end":{"line":125,"column":64}},"type":"binary-expr","locations":[{"start":{"line":125,"column":18},"end":{"line":125,"column":43}},{"start":{"line":125,"column":47},"end":{"line":125,"column":64}}],"line":125},"14":{"loc":{"start":{"line":149,"column":4},"end":{"line":151,"column":5}},"type":"if","locations":[{"start":{"line":149,"column":4},"end":{"line":151,"column":5}},{"start":{},"end":{}}],"line":149},"15":{"loc":{"start":{"line":153,"column":4},"end":{"line":155,"column":5}},"type":"if","locations":[{"start":{"line":153,"column":4},"end":{"line":155,"column":5}},{"start":{},"end":{}}],"line":153},"16":{"loc":{"start":{"line":157,"column":4},"end":{"line":159,"column":5}},"type":"if","locations":[{"start":{"line":157,"column":4},"end":{"line":159,"column":5}},{"start":{},"end":{}}],"line":157},"17":{"loc":{"start":{"line":161,"column":25},"end":{"line":161,"column":77}},"type":"binary-expr","locations":[{"start":{"line":161,"column":25},"end":{"line":161,"column":53}},{"start":{"line":161,"column":57},"end":{"line":161,"column":77}}],"line":161},"18":{"loc":{"start":{"line":162,"column":26},"end":{"line":162,"column":70}},"type":"binary-expr","locations":[{"start":{"line":162,"column":26},"end":{"line":162,"column":50}},{"start":{"line":162,"column":54},"end":{"line":162,"column":70}}],"line":162},"19":{"loc":{"start":{"line":163,"column":4},"end":{"line":165,"column":5}},"type":"if","locations":[{"start":{"line":163,"column":4},"end":{"line":165,"column":5}},{"start":{},"end":{}}],"line":163},"20":{"loc":{"start":{"line":167,"column":11},"end":{"line":167,"column":85}},"type":"cond-expr","locations":[{"start":{"line":167,"column":32},"end":{"line":167,"column":51}},{"start":{"line":167,"column":54},"end":{"line":167,"column":85}}],"line":167},"21":{"loc":{"start":{"line":176,"column":4},"end":{"line":186,"column":5}},"type":"if","locations":[{"start":{"line":176,"column":4},"end":{"line":186,"column":5}},{"start":{},"end":{}}],"line":176},"22":{"loc":{"start":{"line":176,"column":8},"end":{"line":176,"column":46}},"type":"binary-expr","locations":[{"start":{"line":176,"column":8},"end":{"line":176,"column":19}},{"start":{"line":176,"column":23},"end":{"line":176,"column":46}}],"line":176},"23":{"loc":{"start":{"line":193,"column":4},"end":{"line":203,"column":5}},"type":"if","locations":[{"start":{"line":193,"column":4},"end":{"line":203,"column":5}},{"start":{},"end":{}}],"line":193},"24":{"loc":{"start":{"line":220,"column":41},"end":{"line":220,"column":62}},"type":"binary-expr","locations":[{"start":{"line":220,"column":41},"end":{"line":220,"column":50}},{"start":{"line":220,"column":54},"end":{"line":220,"column":62}}],"line":220},"25":{"loc":{"start":{"line":221,"column":45},"end":{"line":221,"column":65}},"type":"binary-expr","locations":[{"start":{"line":221,"column":45},"end":{"line":221,"column":53}},{"start":{"line":221,"column":57},"end":{"line":221,"column":65}}],"line":221},"26":{"loc":{"start":{"line":233,"column":35},"end":{"line":233,"column":45}},"type":"default-arg","locations":[{"start":{"line":233,"column":43},"end":{"line":233,"column":45}}],"line":233},"27":{"loc":{"start":{"line":262,"column":17},"end":{"line":262,"column":59}},"type":"binary-expr","locations":[{"start":{"line":262,"column":17},"end":{"line":262,"column":36}},{"start":{"line":262,"column":40},"end":{"line":262,"column":59}}],"line":262},"28":{"loc":{"start":{"line":264,"column":11},"end":{"line":264,"column":34}},"type":"binary-expr","locations":[{"start":{"line":264,"column":11},"end":{"line":264,"column":26}},{"start":{"line":264,"column":30},"end":{"line":264,"column":34}}],"line":264}},"s":{"0":0,"1":0,"2":0,"3":0,"4":0,"5":0,"6":0,"7":0,"8":0,"9":0,"10":0,"11":0,"12":0,"13":0,"14":0,"15":0,"16":0,"17":0,"18":0,"19":0,"20":0,"21":0,"22":0,"23":0,"24":0,"25":0,"26":0,"27":0,"28":0,"29":0,"30":0,"31":0,"32":0,"33":0,"34":0,"35":0,"36":0,"37":0,"38":0,"39":0,"40":0,"41":0,"42":0,"43":0,"44":0,"45":0,"46":0,"47":0,"48":0,"49":0,"50":0,"51":0,"52":0,"53":0,"54":0,"55":0,"56":0,"57":0,"58":0,"59":0,"60":0,"61":0,"62":0,"63":0,"64":0,"65":0,"66":0,"67":0,"68":0,"69":0,"70":0,"71":0,"72":0,"73":0,"74":0},"f":{"0":0,"1":0,"2":0,"3":0,"4":0,"5":0,"6":0,"7":0,"8":0,"9":0,"10":0,"11":0,"12":0,"13":0,"14":0,"15":0,"16":0,"17":0,"18":0,"19":0,"20":0,"21":0,"22":0,"23":0,"24":0},"b":{"0":[0,0],"1":[0,0,0],"2":[0,0,0],"3":[0,0],"4":[0,0],"5":[0,0],"6":[0,0],"7":[0],"8":[0],"9":[0,0],"10":[0,0],"11":[0,0],"12":[0,0],"13":[0,0],"14":[0,0],"15":[0,0],"16":[0,0],"17":[0,0],"18":[0,0],"19":[0,0],"20":[0,0],"21":[0,0],"22":[0,0],"23":[0,0],"24":[0,0],"25":[0,0],"26":[0],"27":[0,0],"28":[0,0]}}
,"/Users/marcoscruz/Documents/Projetos/Sinal Ruido/signal-detector/frontend/src/services/api.js": {"path":"/Users/marcoscruz/Documents/Projetos/Sinal Ruido/signal-detector/frontend/src/services/api.js","statementMap":{"0":{"start":{"line":2,"column":21},"end":{"line":2,"column":27}},"1":{"start":{"line":4,"column":19},"end":{"line":94,"column":1}},"2":{"start":{"line":7,"column":21},"end":{"line":7,"column":35}},"3":{"start":{"line":8,"column":4},"end":{"line":8,"column":58}},"4":{"start":{"line":10,"column":21},"end":{"line":13,"column":6}},"5":{"start":{"line":15,"column":4},"end":{"line":17,"column":5}},"6":{"start":{"line":16,"column":6},"end":{"line":16,"column":64}},"7":{"start":{"line":19,"column":4},"end":{"line":19,"column":27}},"8":{"start":{"line":24,"column":21},"end":{"line":30,"column":6}},"9":{"start":{"line":32,"column":4},"end":{"line":34,"column":5}},"10":{"start":{"line":33,"column":6},"end":{"line":33,"column":64}},"11":{"start":{"line":36,"column":4},"end":{"line":36,"column":27}},"12":{"start":{"line":41,"column":24},"end":{"line":41,"column":34}},"13":{"start":{"line":42,"column":4},"end":{"line":44,"column":5}},"14":{"start":{"line":43,"column":6},"end":{"line":43,"column":36}},"15":{"start":{"line":46,"column":21},"end":{"line":52,"column":6}},"16":{"start":{"line":54,"column":4},"end":{"line":56,"column":5}},"17":{"start":{"line":55,"column":6},"end":{"line":55,"column":64}},"18":{"start":{"line":58,"column":4},"end":{"line":58,"column":27}},"19":{"start":{"line":63,"column":21},"end":{"line":69,"column":6}},"20":{"start":{"line":71,"column":4},"end":{"line":73,"column":5}},"21":{"start":{"line":72,"column":6},"end":{"line":72,"column":64}},"22":{"start":{"line":75,"column":4},"end":{"line":75,"column":27}},"23":{"start":{"line":80,"column":21},"end":{"line":86,"column":6}},"24":{"start":{"line":88,"column":4},"end":{"line":90,"column":5}},"25":{"start":{"line":89,"column":6},"end":{"line":89,"column":64}},"26":{"start":{"line":92,"column":4},"end":{"line":92,"column":27}}},"fnMap":{"0":{"name":"(anonymous_0)","decl":{"start":{"line":6,"column":19},"end":{"line":6,"column":20}},"loc":{"start":{"line":6,"column":40},"end":{"line":20,"column":3}},"line":6},"1":{"name":"(anonymous_1)","decl":{"start":{"line":23,"column":20},"end":{"line":23,"column":21}},"loc":{"start":{"line":23,"column":40},"end":{"line":37,"column":3}},"line":23},"2":{"name":"(anonymous_2)","decl":{"start":{"line":40,"column":19},"end":{"line":40,"column":20}},"loc":{"start":{"line":40,"column":53},"end":{"line":59,"column":3}},"line":40},"3":{"name":"(anonymous_3)","decl":{"start":{"line":62,"column":15},"end":{"line":62,"column":16}},"loc":{"start":{"line":62,"column":53},"end":{"line":76,"column":3}},"line":62},"4":{"name":"(anonymous_4)","decl":{"start":{"line":79,"column":23},"end":{"line":79,"column":24}},"loc":{"start":{"line":79,"column":79},"end":{"line":93,"column":3}},"line":79}},"branchMap":{"0":{"loc":{"start":{"line":15,"column":4},"end":{"line":17,"column":5}},"type":"if","locations":[{"start":{"line":15,"column":4},"end":{"line":17,"column":5}},{"start":{},"end":{}}],"line":15},"1":{"loc":{"start":{"line":32,"column":4},"end":{"line":34,"column":5}},"type":"if","locations":[{"start":{"line":32,"column":4},"end":{"line":34,"column":5}},{"start":{},"end":{}}],"line":32},"2":{"loc":{"start":{"line":40,"column":34},"end":{"line":40,"column":48}},"type":"default-arg","locations":[{"start":{"line":40,"column":44},"end":{"line":40,"column":48}}],"line":40},"3":{"loc":{"start":{"line":42,"column":4},"end":{"line":44,"column":5}},"type":"if","locations":[{"start":{"line":42,"column":4},"end":{"line":44,"column":5}},{"start":{},"end":{}}],"line":42},"4":{"loc":{"start":{"line":42,"column":8},"end":{"line":42,"column":37}},"type":"binary-expr","locations":[{"start":{"line":42,"column":8},"end":{"line":42,"column":15}},{"start":{"line":42,"column":19},"end":{"line":42,"column":37}}],"line":42},"5":{"loc":{"start":{"line":54,"column":4},"end":{"line":56,"column":5}},"type":"if","locations":[{"start":{"line":54,"column":4},"end":{"line":56,"column":5}},{"start":{},"end":{}}],"line":54},"6":{"loc":{"start":{"line":62,"column":30},"end":{"line":62,"column":48}},"type":"default-arg","locations":[{"start":{"line":62,"column":42},"end":{"line":62,"column":48}}],"line":62},"7":{"loc":{"start":{"line":71,"column":4},"end":{"line":73,"column":5}},"type":"if","locations":[{"start":{"line":71,"column":4},"end":{"line":73,"column":5}},{"start":{},"end":{}}],"line":71},"8":{"loc":{"start":{"line":88,"column":4},"end":{"line":90,"column":5}},"type":"if","locations":[{"start":{"line":88,"column":4},"end":{"line":90,"column":5}},{"start":{},"end":{}}],"line":88}},"s":{"0":0,"1":0,"2":0,"3":0,"4":0,"5":0,"6":0,"7":0,"8":0,"9":0,"10":0,"11":0,"12":0,"13":0,"14":0,"15":0,"16":0,"17":0,"18":0,"19":0,"20":0,"21":0,"22":0,"23":0,"24":0,"25":0,"26":0},"f":{"0":0,"1":0,"2":0,"3":0,"4":0},"b":{"0":[0,0],"1":[0,0],"2":[0],"3":[0,0],"4":[0,0],"5":[0,0],"6":[0],"7":[0,0],"8":[0,0]}}
,"/Users/marcoscruz/Documents/Projetos/Sinal Ruido/signal-detector/frontend/src/services/goalsApi.js": {"path":"/Users/marcoscruz/Documents/Projetos/Sinal Ruido/signal-detector/frontend/src/services/goalsApi.js","statementMap":{"0":{"start":{"line":1,"column":21},"end":{"line":3,"column":10}},"1":{"start":{"line":5,"column":27},"end":{"line":12,"column":1}},"2":{"start":{"line":6,"column":2},"end":{"line":11,"column":3}},"3":{"start":{"line":7,"column":17},"end":{"line":7,"column":56}},"4":{"start":{"line":8,"column":4},"end":{"line":8,"column":42}},"5":{"start":{"line":10,"column":4},"end":{"line":10,"column":16}},"6":{"start":{"line":14,"column":24},"end":{"line":118,"column":1}},"7":{"start":{"line":16,"column":17},"end":{"line":16,"column":37}},"8":{"start":{"line":17,"column":25},"end":{"line":17,"column":71}},"9":{"start":{"line":18,"column":4},"end":{"line":27,"column":5}},"10":{"start":{"line":19,"column":23},"end":{"line":19,"column":75}},"11":{"start":{"line":20,"column":6},"end":{"line":22,"column":7}},"12":{"start":{"line":21,"column":8},"end":{"line":21,"column":49}},"13":{"start":{"line":23,"column":6},"end":{"line":23,"column":35}},"14":{"start":{"line":25,"column":6},"end":{"line":25,"column":52}},"15":{"start":{"line":26,"column":6},"end":{"line":26,"column":18}},"16":{"start":{"line":31,"column":17},"end":{"line":31,"column":37}},"17":{"start":{"line":32,"column":25},"end":{"line":32,"column":71}},"18":{"start":{"line":34,"column":4},"end":{"line":57,"column":5}},"19":{"start":{"line":35,"column":23},"end":{"line":47,"column":8}},"20":{"start":{"line":49,"column":6},"end":{"line":51,"column":7}},"21":{"start":{"line":50,"column":8},"end":{"line":50,"column":49}},"22":{"start":{"line":53,"column":6},"end":{"line":53,"column":35}},"23":{"start":{"line":55,"column":6},"end":{"line":55,"column":51}},"24":{"start":{"line":56,"column":6},"end":{"line":56,"column":18}},"25":{"start":{"line":61,"column":4},"end":{"line":82,"column":5}},"26":{"start":{"line":62,"column":23},"end":{"line":72,"column":8}},"27":{"start":{"line":74,"column":6},"end":{"line":76,"column":7}},"28":{"start":{"line":75,"column":8},"end":{"line":75,"column":49}},"29":{"start":{"line":78,"column":6},"end":{"line":78,"column":35}},"30":{"start":{"line":80,"column":6},"end":{"line":80,"column":51}},"31":{"start":{"line":81,"column":6},"end":{"line":81,"column":18}},"32":{"start":{"line":86,"column":4},"end":{"line":103,"column":5}},"33":{"start":{"line":87,"column":23},"end":{"line":93,"column":8}},"34":{"start":{"line":95,"column":6},"end":{"line":97,"column":7}},"35":{"start":{"line":96,"column":8},"end":{"line":96,"column":49}},"36":{"start":{"line":99,"column":6},"end":{"line":99,"column":35}},"37":{"start":{"line":101,"column":6},"end":{"line":101,"column":51}},"38":{"start":{"line":102,"column":6},"end":{"line":102,"column":18}},"39":{"start":{"line":107,"column":4},"end":{"line":116,"column":5}},"40":{"start":{"line":108,"column":23},"end":{"line":108,"column":68}},"41":{"start":{"line":109,"column":6},"end":{"line":111,"column":7}},"42":{"start":{"line":110,"column":8},"end":{"line":110,"column":48}},"43":{"start":{"line":112,"column":6},"end":{"line":112,"column":35}},"44":{"start":{"line":114,"column":6},"end":{"line":114,"column":51}},"45":{"start":{"line":115,"column":6},"end":{"line":115,"column":18}}},"fnMap":{"0":{"name":"(anonymous_0)","decl":{"start":{"line":5,"column":27},"end":{"line":5,"column":28}},"loc":{"start":{"line":5,"column":33},"end":{"line":12,"column":1}},"line":5},"1":{"name":"(anonymous_1)","decl":{"start":{"line":15,"column":2},"end":{"line":15,"column":3}},"loc":{"start":{"line":15,"column":32},"end":{"line":28,"column":3}},"line":15},"2":{"name":"(anonymous_2)","decl":{"start":{"line":30,"column":2},"end":{"line":30,"column":3}},"loc":{"start":{"line":30,"column":44},"end":{"line":58,"column":3}},"line":30},"3":{"name":"(anonymous_3)","decl":{"start":{"line":60,"column":2},"end":{"line":60,"column":3}},"loc":{"start":{"line":60,"column":37},"end":{"line":83,"column":3}},"line":60},"4":{"name":"(anonymous_4)","decl":{"start":{"line":85,"column":2},"end":{"line":85,"column":3}},"loc":{"start":{"line":85,"column":27},"end":{"line":104,"column":3}},"line":85},"5":{"name":"(anonymous_5)","decl":{"start":{"line":106,"column":2},"end":{"line":106,"column":3}},"loc":{"start":{"line":106,"column":24},"end":{"line":117,"column":3}},"line":106}},"branchMap":{"0":{"loc":{"start":{"line":1,"column":21},"end":{"line":3,"column":10}},"type":"cond-expr","locations":[{"start":{"line":2,"column":4},"end":{"line":2,"column":10}},{"start":{"line":3,"column":4},"end":{"line":3,"column":10}}],"line":1},"1":{"loc":{"start":{"line":8,"column":11},"end":{"line":8,"column":41}},"type":"cond-expr","locations":[{"start":{"line":8,"column":18},"end":{"line":8,"column":34}},{"start":{"line":8,"column":37},"end":{"line":8,"column":41}}],"line":8},"2":{"loc":{"start":{"line":15,"column":17},"end":{"line":15,"column":30}},"type":"default-arg","locations":[{"start":{"line":15,"column":26},"end":{"line":15,"column":30}}],"line":15},"3":{"loc":{"start":{"line":17,"column":25},"end":{"line":17,"column":71}},"type":"binary-expr","locations":[{"start":{"line":17,"column":25},"end":{"line":17,"column":31}},{"start":{"line":17,"column":36},"end":{"line":17,"column":70}}],"line":17},"4":{"loc":{"start":{"line":17,"column":36},"end":{"line":17,"column":70}},"type":"cond-expr","locations":[{"start":{"line":17,"column":43},"end":{"line":17,"column":50}},{"start":{"line":17,"column":53},"end":{"line":17,"column":70}}],"line":17},"5":{"loc":{"start":{"line":20,"column":6},"end":{"line":22,"column":7}},"type":"if","locations":[{"start":{"line":20,"column":6},"end":{"line":22,"column":7}},{"start":{},"end":{}}],"line":20},"6":{"loc":{"start":{"line":30,"column":29},"end":{"line":30,"column":42}},"type":"default-arg","locations":[{"start":{"line":30,"column":38},"end":{"line":30,"column":42}}],"line":30},"7":{"loc":{"start":{"line":32,"column":25},"end":{"line":32,"column":71}},"type":"binary-expr","locations":[{"start":{"line":32,"column":25},"end":{"line":32,"column":31}},{"start":{"line":32,"column":36},"end":{"line":32,"column":70}}],"line":32},"8":{"loc":{"start":{"line":32,"column":36},"end":{"line":32,"column":70}},"type":"cond-expr","locations":[{"start":{"line":32,"column":43},"end":{"line":32,"column":50}},{"start":{"line":32,"column":53},"end":{"line":32,"column":70}}],"line":32},"9":{"loc":{"start":{"line":42,"column":17},"end":{"line":42,"column":48}},"type":"binary-expr","locations":[{"start":{"line":42,"column":17},"end":{"line":42,"column":30}},{"start":{"line":42,"column":34},"end":{"line":42,"column":48}}],"line":42},"10":{"loc":{"start":{"line":43,"column":23},"end":{"line":43,"column":49}},"type":"binary-expr","locations":[{"start":{"line":43,"column":23},"end":{"line":43,"column":43}},{"start":{"line":43,"column":47},"end":{"line":43,"column":49}}],"line":43},"11":{"loc":{"start":{"line":45,"column":23},"end":{"line":45,"column":52}},"type":"binary-expr","locations":[{"start":{"line":45,"column":23},"end":{"line":45,"column":43}},{"start":{"line":45,"column":47},"end":{"line":45,"column":52}}],"line":45},"12":{"loc":{"start":{"line":49,"column":6},"end":{"line":51,"column":7}},"type":"if","locations":[{"start":{"line":49,"column":6},"end":{"line":51,"column":7}},{"start":{},"end":{}}],"line":49},"13":{"loc":{"start":{"line":68,"column":17},"end":{"line":68,"column":48}},"type":"binary-expr","locations":[{"start":{"line":68,"column":17},"end":{"line":68,"column":30}},{"start":{"line":68,"column":34},"end":{"line":68,"column":48}}],"line":68},"14":{"loc":{"start":{"line":69,"column":23},"end":{"line":69,"column":49}},"type":"binary-expr","locations":[{"start":{"line":69,"column":23},"end":{"line":69,"column":43}},{"start":{"line":69,"column":47},"end":{"line":69,"column":49}}],"line":69},"15":{"loc":{"start":{"line":74,"column":6},"end":{"line":76,"column":7}},"type":"if","locations":[{"start":{"line":74,"column":6},"end":{"line":76,"column":7}},{"start":{},"end":{}}],"line":74},"16":{"loc":{"start":{"line":95,"column":6},"end":{"line":97,"column":7}},"type":"if","locations":[{"start":{"line":95,"column":6},"end":{"line":97,"column":7}},{"start":{},"end":{}}],"line":95},"17":{"loc":{"start":{"line":109,"column":6},"end":{"line":111,"column":7}},"type":"if","locations":[{"start":{"line":109,"column":6},"end":{"line":111,"column":7}},{"start":{},"end":{}}],"line":109}},"s":{"0":0,"1":0,"2":0,"3":0,"4":0,"5":0,"6":0,"7":0,"8":0,"9":0,"10":0,"11":0,"12":0,"13":0,"14":0,"15":0,"16":0,"17":0,"18":0,"19":0,"20":0,"21":0,"22":0,"23":0,"24":0,"25":0,"26":0,"27":0,"28":0,"29":0,"30":0,"31":0,"32":0,"33":0,"34":0,"35":0,"36":0,"37":0,"38":0,"39":0,"40":0,"41":0,"42":0,"43":0,"44":0,"45":0},"f":{"0":0,"1":0,"2":0,"3":0,"4":0,"5":0},"b":{"0":[0,0],"1":[0,0],"2":[0],"3":[0,0],"4":[0,0],"5":[0,0],"6":[0],"7":[0,0],"8":[0,0],"9":[0,0],"10":[0,0],"11":[0,0],"12":[0,0],"13":[0,0],"14":[0,0],"15":[0,0],"16":[0,0],"17":[0,0]}}
}
