TN:
SF:src/services/EfficiencyCalculator.js
FN:16,(anonymous_0)
FN:43,(anonymous_1)
FN:82,(anonymous_2)
FN:87,(anonymous_3)
FN:91,(anonymous_4)
FN:92,(anonymous_5)
FN:119,(anonymous_6)
FN:143,(anonymous_7)
FN:173,(anonymous_8)
FN:187,(anonymous_9)
FN:188,(anonymous_10)
FN:189,(anonymous_11)
FN:203,(anonymous_12)
FN:214,(anonymous_13)
FN:215,(anonymous_14)
FN:217,(anonymous_15)
FN:218,(anonymous_16)
FN:219,(anonymous_17)
FN:220,(anonymous_18)
FN:231,(anonymous_19)
FN:233,(anonymous_20)
FN:238,(anonymous_21)
FN:239,(anonymous_22)
FN:241,(anonymous_23)
FN:252,(anonymous_24)
FNF:25
FNH:24
FNDA:87,(anonymous_0)
FNDA:29,(anonymous_1)
FNDA:4,(anonymous_2)
FNDA:16,(anonymous_3)
FNDA:16,(anonymous_4)
FNDA:12,(anonymous_5)
FNDA:5,(anonymous_6)
FNDA:5,(anonymous_7)
FNDA:3,(anonymous_8)
FNDA:9,(anonymous_9)
FNDA:9,(anonymous_10)
FNDA:12,(anonymous_11)
FNDA:9,(anonymous_12)
FNDA:9,(anonymous_13)
FNDA:9,(anonymous_14)
FNDA:9,(anonymous_15)
FNDA:9,(anonymous_16)
FNDA:9,(anonymous_17)
FNDA:9,(anonymous_18)
FNDA:4,(anonymous_19)
FNDA:24,(anonymous_20)
FNDA:24,(anonymous_21)
FNDA:23,(anonymous_22)
FNDA:9,(anonymous_23)
FNDA:0,(anonymous_24)
DA:17,87
DA:20,87
DA:21,1
DA:22,1
DA:25,86
DA:28,86
DA:29,0
DA:32,86
DA:33,86
DA:35,86
DA:44,29
DA:45,24
DA:51,5
DA:52,3
DA:58,2
DA:59,1
DA:66,1
DA:83,4
DA:86,4
DA:87,16
DA:91,16
DA:92,12
DA:95,4
DA:96,2
DA:104,2
DA:105,2
DA:108,2
DA:113,2
DA:114,2
DA:115,2
DA:117,2
DA:119,5
DA:144,5
DA:146,5
DA:147,5
DA:148,5
DA:151,5
DA:152,5
DA:155,5
DA:156,5
DA:159,5
DA:160,5
DA:161,5
DA:162,2
DA:165,5
DA:174,3
DA:175,1
DA:186,2
DA:187,9
DA:188,9
DA:189,12
DA:191,2
DA:192,0
DA:203,9
DA:204,2
DA:205,2
DA:206,2
DA:208,2
DA:214,9
DA:215,9
DA:217,9
DA:218,9
DA:219,9
DA:220,9
DA:232,4
DA:233,24
DA:238,24
DA:239,23
DA:241,9
DA:253,0
DA:254,0
DA:259,0
DA:260,0
DA:262,0
LF:74
LH:67
BRDA:20,0,0,1
BRDA:20,0,1,86
BRDA:20,1,0,87
BRDA:20,1,1,86
BRDA:20,1,2,0
BRDA:25,2,0,86
BRDA:25,2,1,0
BRDA:25,2,2,0
BRDA:28,3,0,0
BRDA:28,3,1,86
BRDA:44,4,0,24
BRDA:44,4,1,5
BRDA:51,5,0,3
BRDA:51,5,1,2
BRDA:58,6,0,1
BRDA:58,6,1,1
BRDA:82,7,0,0
BRDA:82,8,0,2
BRDA:95,9,0,2
BRDA:95,9,1,2
BRDA:105,10,0,2
BRDA:105,10,1,0
BRDA:109,11,0,2
BRDA:109,11,1,0
BRDA:120,12,0,5
BRDA:120,12,1,0
BRDA:123,13,0,5
BRDA:123,13,1,0
BRDA:147,14,0,5
BRDA:147,14,1,0
BRDA:151,15,0,5
BRDA:151,15,1,0
BRDA:155,16,0,5
BRDA:155,16,1,0
BRDA:159,17,0,5
BRDA:159,17,1,0
BRDA:160,18,0,5
BRDA:160,18,1,0
BRDA:161,19,0,2
BRDA:161,19,1,3
BRDA:165,20,0,5
BRDA:165,20,1,0
BRDA:174,21,0,1
BRDA:174,21,1,2
BRDA:174,22,0,3
BRDA:174,22,1,3
BRDA:191,23,0,0
BRDA:191,23,1,2
BRDA:218,24,0,9
BRDA:218,24,1,5
BRDA:219,25,0,9
BRDA:219,25,1,8
BRDA:231,26,0,3
BRDA:260,27,0,0
BRDA:260,27,1,0
BRDA:262,28,0,0
BRDA:262,28,1,0
BRF:57
BRH:37
end_of_record
TN:
SF:src/services/api.js
FN:6,(anonymous_0)
FN:23,(anonymous_1)
FN:40,(anonymous_2)
FN:62,(anonymous_3)
FN:79,(anonymous_4)
FNF:5
FNH:0
FNDA:0,(anonymous_0)
FNDA:0,(anonymous_1)
FNDA:0,(anonymous_2)
FNDA:0,(anonymous_3)
FNDA:0,(anonymous_4)
DA:2,0
DA:4,0
DA:7,0
DA:8,0
DA:10,0
DA:15,0
DA:16,0
DA:19,0
DA:24,0
DA:32,0
DA:33,0
DA:36,0
DA:41,0
DA:42,0
DA:43,0
DA:46,0
DA:54,0
DA:55,0
DA:58,0
DA:63,0
DA:71,0
DA:72,0
DA:75,0
DA:80,0
DA:88,0
DA:89,0
DA:92,0
LF:27
LH:0
BRDA:15,0,0,0
BRDA:15,0,1,0
BRDA:32,1,0,0
BRDA:32,1,1,0
BRDA:40,2,0,0
BRDA:42,3,0,0
BRDA:42,3,1,0
BRDA:42,4,0,0
BRDA:42,4,1,0
BRDA:54,5,0,0
BRDA:54,5,1,0
BRDA:62,6,0,0
BRDA:71,7,0,0
BRDA:71,7,1,0
BRDA:88,8,0,0
BRDA:88,8,1,0
BRF:16
BRH:0
end_of_record
TN:
SF:src/services/goalsApi.js
FN:5,(anonymous_0)
FN:15,(anonymous_1)
FN:30,(anonymous_2)
FN:60,(anonymous_3)
FN:85,(anonymous_4)
FN:106,(anonymous_5)
FNF:6
FNH:0
FNDA:0,(anonymous_0)
FNDA:0,(anonymous_1)
FNDA:0,(anonymous_2)
FNDA:0,(anonymous_3)
FNDA:0,(anonymous_4)
FNDA:0,(anonymous_5)
DA:1,0
DA:5,0
DA:6,0
DA:7,0
DA:8,0
DA:10,0
DA:14,0
DA:16,0
DA:17,0
DA:18,0
DA:19,0
DA:20,0
DA:21,0
DA:23,0
DA:25,0
DA:26,0
DA:31,0
DA:32,0
DA:34,0
DA:35,0
DA:49,0
DA:50,0
DA:53,0
DA:55,0
DA:56,0
DA:61,0
DA:62,0
DA:74,0
DA:75,0
DA:78,0
DA:80,0
DA:81,0
DA:86,0
DA:87,0
DA:95,0
DA:96,0
DA:99,0
DA:101,0
DA:102,0
DA:107,0
DA:108,0
DA:109,0
DA:110,0
DA:112,0
DA:114,0
DA:115,0
LF:46
LH:0
BRDA:1,0,0,0
BRDA:1,0,1,0
BRDA:8,1,0,0
BRDA:8,1,1,0
BRDA:15,2,0,0
BRDA:17,3,0,0
BRDA:17,3,1,0
BRDA:17,4,0,0
BRDA:17,4,1,0
BRDA:20,5,0,0
BRDA:20,5,1,0
BRDA:30,6,0,0
BRDA:32,7,0,0
BRDA:32,7,1,0
BRDA:32,8,0,0
BRDA:32,8,1,0
BRDA:42,9,0,0
BRDA:42,9,1,0
BRDA:43,10,0,0
BRDA:43,10,1,0
BRDA:45,11,0,0
BRDA:45,11,1,0
BRDA:49,12,0,0
BRDA:49,12,1,0
BRDA:68,13,0,0
BRDA:68,13,1,0
BRDA:69,14,0,0
BRDA:69,14,1,0
BRDA:74,15,0,0
BRDA:74,15,1,0
BRDA:95,16,0,0
BRDA:95,16,1,0
BRDA:109,17,0,0
BRDA:109,17,1,0
BRF:34
BRH:0
end_of_record
